This is pdfTeX, Version 3.1415926-2.5-1.40.14 (MiKTeX 2.9) (preloaded format=pdflatex 2014.6.21)  13 NOV 2014 12:33
entering extended mode
**portfolio.tex
("C:\Users\Usuario\Google Drive\R\PortfolioT\portfolio.tex"
LaTeX2e <2011/06/27>
Babel <v3.8m> and hyphenation patterns for english, afrikaans, ancientgreek, ar
abic, armenian, assamese, basque, bengali, bokmal, bulgarian, catalan, coptic, 
croatian, czech, danish, dutch, esperanto, estonian, farsi, finnish, french, ga
lician, german, german-x-2013-05-26, greek, gujarati, hindi, hungarian, iceland
ic, indonesian, interlingua, irish, italian, kannada, kurmanji, latin, latvian,
 lithuanian, malayalam, marathi, mongolian, mongolianlmc, monogreek, ngerman, n
german-x-2013-05-26, nynorsk, oriya, panjabi, pinyin, polish, portuguese, roman
ian, russian, sanskrit, serbian, slovak, slovenian, spanish, swedish, swissgerm
an, tamil, telugu, turkish, turkmen, ukenglish, ukrainian, uppersorbian, usengl
ishmax, welsh, loaded.
("C:\Program Files (x86)\MiKTeX 2.9\tex\latex\base\article.cls"
Document Class: article 2007/10/19 v1.4h Standard LaTeX document class
("C:\Program Files (x86)\MiKTeX 2.9\tex\latex\base\size11.clo"
File: size11.clo 2007/10/19 v1.4h Standard LaTeX file (size option)
)
\c@part=\count79
\c@section=\count80
\c@subsection=\count81
\c@subsubsection=\count82
\c@paragraph=\count83
\c@subparagraph=\count84
\c@figure=\count85
\c@table=\count86
\abovecaptionskip=\skip41
\belowcaptionskip=\skip42
\bibindent=\dimen102
)
("C:\Program Files (x86)\MiKTeX 2.9\tex\latex\graphics\graphicx.sty"
Package: graphicx 1999/02/16 v1.0f Enhanced LaTeX Graphics (DPC,SPQR)

("C:\Program Files (x86)\MiKTeX 2.9\tex\latex\graphics\keyval.sty"
Package: keyval 1999/03/16 v1.13 key=value parser (DPC)
\KV@toks@=\toks14
)
("C:\Program Files (x86)\MiKTeX 2.9\tex\latex\graphics\graphics.sty"
Package: graphics 2009/02/05 v1.0o Standard LaTeX Graphics (DPC,SPQR)

("C:\Program Files (x86)\MiKTeX 2.9\tex\latex\graphics\trig.sty"
Package: trig 1999/03/16 v1.09 sin cos tan (DPC)
)
("C:\Program Files (x86)\MiKTeX 2.9\tex\latex\00miktex\graphics.cfg"
File: graphics.cfg 2007/01/18 v1.5 graphics configuration of teTeX/TeXLive
)
Package graphics Info: Driver file: pdftex.def on input line 91.

("C:\Program Files (x86)\MiKTeX 2.9\tex\latex\pdftex-def\pdftex.def"
File: pdftex.def 2011/05/27 v0.06d Graphics/color for pdfTeX

("C:\Program Files (x86)\MiKTeX 2.9\tex\generic\oberdiek\infwarerr.sty"
Package: infwarerr 2010/04/08 v1.3 Providing info/warning/error messages (HO)
)
("C:\Program Files (x86)\MiKTeX 2.9\tex\generic\oberdiek\ltxcmds.sty"
Package: ltxcmds 2011/11/09 v1.22 LaTeX kernel commands for general use (HO)
)
\Gread@gobject=\count87
))
\Gin@req@height=\dimen103
\Gin@req@width=\dimen104
)
("C:\Program Files (x86)\MiKTeX 2.9\tex\latex\graphics\color.sty"
Package: color 2005/11/14 v1.0j Standard LaTeX Color (DPC)

("C:\Program Files (x86)\MiKTeX 2.9\tex\latex\00miktex\color.cfg"
File: color.cfg 2007/01/18 v1.5 color configuration of teTeX/TeXLive
)
Package color Info: Driver file: pdftex.def on input line 130.
)
("C:\Program Files (x86)\MiKTeX 2.9\tex\latex\framed\framed.sty"
Package: framed 2011/10/22 v 0.96: framed or shaded text with page breaks
\OuterFrameSep=\skip43
\fb@frw=\dimen105
\fb@frh=\dimen106
\FrameRule=\dimen107
\FrameSep=\dimen108
)
("C:\Program Files (x86)\MiKTeX 2.9\tex\latex\base\alltt.sty"
Package: alltt 1997/06/16 v2.0g defines alltt environment
)
("C:\Program Files (x86)\MiKTeX 2.9\tex\generic\babel\babel.sty"
Package: babel 2008/07/08 v3.8m The Babel package

*************************************
* Local config file bblopts.cfg used
*
("C:\Program Files (x86)\MiKTeX 2.9\tex\latex\00miktex\bblopts.cfg"
File: bblopts.cfg 2006/07/31 v1.0 MiKTeX 'babel' configuration
)
("C:\Program Files (x86)\MiKTeX 2.9\tex\generic\babel\spanish.ldf"
Language: spanish.ldf 2009/01/02 v5.0h Spanish support from the babel system

("C:\Program Files (x86)\MiKTeX 2.9\tex\generic\babel\babel.def"
File: babel.def 2008/07/08 v3.8m Babel common definitions
\babel@savecnt=\count88
\U@D=\dimen109
)
\es@datefmt=\count89
\es@quottoks=\toks15
\es@quotdepth=\count90
Package babel Info: Making " an active character on input line 492.
Package babel Info: Making . an active character on input line 585.
Package babel Info: Making < an active character on input line 630.
Package babel Info: Making > an active character on input line 630.
))
("C:\Program Files (x86)\MiKTeX 2.9\tex\latex\base\fontenc.sty"
Package: fontenc 2005/09/27 v1.99g Standard LaTeX package

("C:\Program Files (x86)\MiKTeX 2.9\tex\latex\base\t1enc.def"
File: t1enc.def 2005/09/27 v1.99g Standard LaTeX file
LaTeX Font Info:    Redeclaring font encoding T1 on input line 43.
))
("C:\Program Files (x86)\MiKTeX 2.9\tex\latex\oberdiek\selinput.sty"
Package: selinput 2007/09/09 v1.2 Semi-automatic input encoding detection (HO)

("C:\Program Files (x86)\MiKTeX 2.9\tex\latex\base\inputenc.sty"
Package: inputenc 2008/03/30 v1.1d Input encoding file
\inpenc@prehook=\toks16
\inpenc@posthook=\toks17
)
("C:\Program Files (x86)\MiKTeX 2.9\tex\generic\oberdiek\kvsetkeys.sty"
Package: kvsetkeys 2012/04/25 v1.16 Key value parser (HO)

("C:\Program Files (x86)\MiKTeX 2.9\tex\generic\oberdiek\etexcmds.sty"
Package: etexcmds 2011/02/16 v1.5 Avoid name clashes with e-TeX commands (HO)

("C:\Program Files (x86)\MiKTeX 2.9\tex\generic\oberdiek\ifluatex.sty"
Package: ifluatex 2010/03/01 v1.3 Provides the ifluatex switch (HO)
Package ifluatex Info: LuaTeX not detected.
)
Package etexcmds Info: Could not find \expanded.
(etexcmds)             That can mean that you are not using pdfTeX 1.50 or
(etexcmds)             that some package has redefined \expanded.
(etexcmds)             In the latter case, load this package earlier.
))
("C:\Program Files (x86)\MiKTeX 2.9\tex\generic\oberdiek\stringenc.sty"
Package: stringenc 2011/12/02 v1.10 Convert strings between diff. encodings (HO
)

("C:\Program Files (x86)\MiKTeX 2.9\tex\generic\oberdiek\pdfescape.sty"
Package: pdfescape 2011/11/25 v1.13 Implements pdfTeX's escape features (HO)

("C:\Program Files (x86)\MiKTeX 2.9\tex\generic\oberdiek\pdftexcmds.sty"
Package: pdftexcmds 2011/11/29 v0.20 Utility functions of pdfTeX for LuaTeX (HO
)

("C:\Program Files (x86)\MiKTeX 2.9\tex\generic\oberdiek\ifpdf.sty"
Package: ifpdf 2011/01/30 v2.3 Provides the ifpdf switch (HO)
Package ifpdf Info: pdfTeX in PDF mode is detected.
)
Package pdftexcmds Info: LuaTeX not detected.
Package pdftexcmds Info: \pdf@primitive is available.
Package pdftexcmds Info: \pdf@ifprimitive is available.
Package pdftexcmds Info: \pdfdraftmode found.
)))
("C:\Program Files (x86)\MiKTeX 2.9\tex\latex\oberdiek\kvoptions.sty"
Package: kvoptions 2011/06/30 v3.11 Key value format for package options (HO)
))
("C:\Program Files (x86)\MiKTeX 2.9\tex\latex\oberdiek\ix-name.def"
File: ix-name.def 2011/05/27 v1.10 Name list (inputenx)
)
("C:\Program Files (x86)\MiKTeX 2.9\tex\generic\oberdiek\se-utf8.def"
File: se-utf8.def 2011/12/02 v1.10 stringenc: UTF-8
)
("C:\Program Files (x86)\MiKTeX 2.9\tex\generic\oberdiek\se-iso-8859-1.def"
File: se-iso-8859-1.def 2011/12/02 v1.10 stringenc: ISO-8859-1
)
("C:\Program Files (x86)\MiKTeX 2.9\tex\latex\oberdiek\x-iso-8859-1.def"
File: x-iso-8859-1.def 2011/05/27 v1.10 Input encoding iso-8859-1 (inputenx)
)
Package selinput Info: Encoding `x-iso-8859-1' selected on input line 59.

("C:\Program Files (x86)\MiKTeX 2.9\tex\latex\geometry\geometry.sty"
Package: geometry 2010/09/12 v5.6 Page Geometry

("C:\Program Files (x86)\MiKTeX 2.9\tex\generic\oberdiek\ifvtex.sty"
Package: ifvtex 2010/03/01 v1.5 Detect VTeX and its facilities (HO)
Package ifvtex Info: VTeX not detected.
)
("C:\Program Files (x86)\MiKTeX 2.9\tex\generic\ifxetex\ifxetex.sty"
Package: ifxetex 2010/09/12 v0.6 Provides ifxetex conditional
)
\Gm@cnth=\count91
\Gm@cntv=\count92
\c@Gm@tempcnt=\count93
\Gm@bindingoffset=\dimen110
\Gm@wd@mp=\dimen111
\Gm@odd@mp=\dimen112
\Gm@even@mp=\dimen113
\Gm@layoutwidth=\dimen114
\Gm@layoutheight=\dimen115
\Gm@layouthoffset=\dimen116
\Gm@layoutvoffset=\dimen117
\Gm@dimlist=\toks18

("C:\Program Files (x86)\MiKTeX 2.9\tex\latex\geometry\geometry.cfg"))
("C:\Program Files (x86)\MiKTeX 2.9\tex\latex\hyperref\hyperref.sty"
Package: hyperref 2012/11/06 v6.83m Hypertext links for LaTeX

("C:\Program Files (x86)\MiKTeX 2.9\tex\generic\oberdiek\hobsub-hyperref.sty"
Package: hobsub-hyperref 2012/04/25 v1.12 Bundle oberdiek, subset hyperref (HO)


("C:\Program Files (x86)\MiKTeX 2.9\tex\generic\oberdiek\hobsub-generic.sty"
Package: hobsub-generic 2012/04/25 v1.12 Bundle oberdiek, subset generic (HO)
Package: hobsub 2012/04/25 v1.12 Construct package bundles (HO)
Package hobsub Info: Skipping package `infwarerr' (already loaded).
Package hobsub Info: Skipping package `ltxcmds' (already loaded).
Package hobsub Info: Skipping package `ifluatex' (already loaded).
Package hobsub Info: Skipping package `ifvtex' (already loaded).
Package: intcalc 2007/09/27 v1.1 Expandable calculations with integers (HO)
Package hobsub Info: Skipping package `ifpdf' (already loaded).
Package hobsub Info: Skipping package `etexcmds' (already loaded).
Package hobsub Info: Skipping package `kvsetkeys' (already loaded).
Package: kvdefinekeys 2011/04/07 v1.3 Define keys (HO)
Package hobsub Info: Skipping package `pdftexcmds' (already loaded).
Package hobsub Info: Skipping package `pdfescape' (already loaded).
Package: bigintcalc 2012/04/08 v1.3 Expandable calculations on big integers (HO
)
Package: bitset 2011/01/30 v1.1 Handle bit-vector datatype (HO)
Package: uniquecounter 2011/01/30 v1.2 Provide unlimited unique counter (HO)
)
Package hobsub Info: Skipping package `hobsub' (already loaded).
Package: letltxmacro 2010/09/02 v1.4 Let assignment for LaTeX macros (HO)
Package: hopatch 2011/06/24 v1.1 Wrapper for package hooks (HO)
Package: xcolor-patch 2011/01/30 xcolor patch
Package: atveryend 2011/06/30 v1.8 Hooks at the very end of document (HO)
Package atveryend Info: \enddocument detected (standard20110627).
Package: atbegshi 2011/10/05 v1.16 At begin shipout hook (HO)
Package: refcount 2011/10/16 v3.4 Data extraction from label references (HO)
Package: hycolor 2011/01/30 v1.7 Color options for hyperref/bookmark (HO)
)
("C:\Program Files (x86)\MiKTeX 2.9\tex\latex\oberdiek\auxhook.sty"
Package: auxhook 2011/03/04 v1.3 Hooks for auxiliary files (HO)
)
\@linkdim=\dimen118
\Hy@linkcounter=\count94
\Hy@pagecounter=\count95

("C:\Program Files (x86)\MiKTeX 2.9\tex\latex\hyperref\pd1enc.def"
File: pd1enc.def 2012/11/06 v6.83m Hyperref: PDFDocEncoding definition (HO)
)
\Hy@SavedSpaceFactor=\count96

("C:\Program Files (x86)\MiKTeX 2.9\tex\latex\00miktex\hyperref.cfg"
File: hyperref.cfg 2002/06/06 v1.2 hyperref configuration of TeXLive
)
Package hyperref Info: Hyper figures OFF on input line 4443.
Package hyperref Info: Link nesting OFF on input line 4448.
Package hyperref Info: Hyper index ON on input line 4451.
Package hyperref Info: Plain pages OFF on input line 4458.
Package hyperref Info: Backreferencing OFF on input line 4463.
Package hyperref Info: Implicit mode ON; LaTeX internals redefined.
Package hyperref Info: Bookmarks ON on input line 4688.
\c@Hy@tempcnt=\count97

("C:\Program Files (x86)\MiKTeX 2.9\tex\latex\url\url.sty"
\Urlmuskip=\muskip10
Package: url 2013/09/16  ver 3.4  Verb mode for urls, etc.
)
LaTeX Info: Redefining \url on input line 5041.
\XeTeXLinkMargin=\dimen119
\Fld@menulength=\count98
\Field@Width=\dimen120
\Fld@charsize=\dimen121
Package hyperref Info: Hyper figures OFF on input line 6295.
Package hyperref Info: Link nesting OFF on input line 6300.
Package hyperref Info: Hyper index ON on input line 6303.
Package hyperref Info: backreferencing OFF on input line 6310.
Package hyperref Info: Link coloring OFF on input line 6315.
Package hyperref Info: Link coloring with OCG OFF on input line 6320.
Package hyperref Info: PDF/A mode OFF on input line 6325.
LaTeX Info: Redefining \ref on input line 6365.
LaTeX Info: Redefining \pageref on input line 6369.
\Hy@abspage=\count99
\c@Item=\count100
\c@Hfootnote=\count101
)

Package hyperref Message: Driver (autodetected): hpdftex.

("C:\Program Files (x86)\MiKTeX 2.9\tex\latex\hyperref\hpdftex.def"
File: hpdftex.def 2012/11/06 v6.83m Hyperref driver for pdfTeX
\Fld@listcount=\count102
\c@bookmark@seq@number=\count103

("C:\Program Files (x86)\MiKTeX 2.9\tex\latex\oberdiek\rerunfilecheck.sty"
Package: rerunfilecheck 2011/04/15 v1.7 Rerun checks for auxiliary files (HO)
Package uniquecounter Info: New unique counter `rerunfilecheck' on input line 2
82.
)
\Hy@SectionHShift=\skip44
)
Package hyperref Info: Option `colorlinks' set `true' on input line 72.

("C:\Program Files (x86)\MiKTeX 2.9\tex\latex\titlesec\titlesec.sty"
Package: titlesec 2011/12/15 v2.10.0 Sectioning titles
\ttl@box=\box26
\beforetitleunit=\skip45
\aftertitleunit=\skip46
\ttl@plus=\dimen122
\ttl@minus=\dimen123
\ttl@toksa=\toks19
\titlewidth=\dimen124
\titlewidthlast=\dimen125
\titlewidthfirst=\dimen126
)
("C:\Program Files (x86)\MiKTeX 2.9\tex\latex\setspace\setspace.sty"
Package: setspace 2011/12/19 v6.7a set line spacing
)
("C:\Program Files (x86)\MiKTeX 2.9\tex\latex\psnfss\mathptmx.sty"
Package: mathptmx 2005/04/12 PSNFSS-v9.2a Times w/ Math, improved (SPQR, WaS) 
LaTeX Font Info:    Redeclaring symbol font `operators' on input line 28.
LaTeX Font Info:    Overwriting symbol font `operators' in version `normal'
(Font)                  OT1/cmr/m/n --> OT1/ztmcm/m/n on input line 28.
LaTeX Font Info:    Overwriting symbol font `operators' in version `bold'
(Font)                  OT1/cmr/bx/n --> OT1/ztmcm/m/n on input line 28.
LaTeX Font Info:    Redeclaring symbol font `letters' on input line 29.
LaTeX Font Info:    Overwriting symbol font `letters' in version `normal'
(Font)                  OML/cmm/m/it --> OML/ztmcm/m/it on input line 29.
LaTeX Font Info:    Overwriting symbol font `letters' in version `bold'
(Font)                  OML/cmm/b/it --> OML/ztmcm/m/it on input line 29.
LaTeX Font Info:    Redeclaring symbol font `symbols' on input line 30.
LaTeX Font Info:    Overwriting symbol font `symbols' in version `normal'
(Font)                  OMS/cmsy/m/n --> OMS/ztmcm/m/n on input line 30.
LaTeX Font Info:    Overwriting symbol font `symbols' in version `bold'
(Font)                  OMS/cmsy/b/n --> OMS/ztmcm/m/n on input line 30.
LaTeX Font Info:    Redeclaring symbol font `largesymbols' on input line 31.
LaTeX Font Info:    Overwriting symbol font `largesymbols' in version `normal'
(Font)                  OMX/cmex/m/n --> OMX/ztmcm/m/n on input line 31.
LaTeX Font Info:    Overwriting symbol font `largesymbols' in version `bold'
(Font)                  OMX/cmex/m/n --> OMX/ztmcm/m/n on input line 31.
\symbold=\mathgroup4
\symitalic=\mathgroup5
LaTeX Font Info:    Redeclaring math alphabet \mathbf on input line 34.
LaTeX Font Info:    Overwriting math alphabet `\mathbf' in version `normal'
(Font)                  OT1/cmr/bx/n --> OT1/ptm/bx/n on input line 34.
LaTeX Font Info:    Overwriting math alphabet `\mathbf' in version `bold'
(Font)                  OT1/cmr/bx/n --> OT1/ptm/bx/n on input line 34.
LaTeX Font Info:    Redeclaring math alphabet \mathit on input line 35.
LaTeX Font Info:    Overwriting math alphabet `\mathit' in version `normal'
(Font)                  OT1/cmr/m/it --> OT1/ptm/m/it on input line 35.
LaTeX Font Info:    Overwriting math alphabet `\mathit' in version `bold'
(Font)                  OT1/cmr/bx/it --> OT1/ptm/m/it on input line 35.
LaTeX Info: Redefining \hbar on input line 50.
)
\QuarterPage=\skip47
\Twolines=\skip48

("C:\Program Files (x86)\MiKTeX 2.9\tex\latex\mh\mathtools.sty"
Package: mathtools 2014/05/21 v1.14 mathematical typesetting tools

("C:\Program Files (x86)\MiKTeX 2.9\tex\latex\tools\calc.sty"
Package: calc 2007/08/22 v4.3 Infix arithmetic (KKT,FJ)
\calc@Acount=\count104
\calc@Bcount=\count105
\calc@Adimen=\dimen127
\calc@Bdimen=\dimen128
\calc@Askip=\skip49
\calc@Bskip=\skip50
LaTeX Info: Redefining \setlength on input line 76.
LaTeX Info: Redefining \addtolength on input line 77.
\calc@Ccount=\count106
\calc@Cskip=\skip51
)
("C:\Program Files (x86)\MiKTeX 2.9\tex\latex\mh\mhsetup.sty"
Package: mhsetup 2010/01/21 v1.2a programming setup (MH)
)
("C:\Program Files (x86)\MiKTeX 2.9\tex\latex\amsmath\amsmath.sty"
Package: amsmath 2013/01/14 v2.14 AMS math features
\@mathmargin=\skip52

For additional information on amsmath, use the `?' option.
("C:\Program Files (x86)\MiKTeX 2.9\tex\latex\amsmath\amstext.sty"
Package: amstext 2000/06/29 v2.01

("C:\Program Files (x86)\MiKTeX 2.9\tex\latex\amsmath\amsgen.sty"
File: amsgen.sty 1999/11/30 v2.0
\@emptytoks=\toks20
\ex@=\dimen129
))
("C:\Program Files (x86)\MiKTeX 2.9\tex\latex\amsmath\amsbsy.sty"
Package: amsbsy 1999/11/29 v1.2d
\pmbraise@=\dimen130
)
("C:\Program Files (x86)\MiKTeX 2.9\tex\latex\amsmath\amsopn.sty"
Package: amsopn 1999/12/14 v2.01 operator names
)
\inf@bad=\count107
LaTeX Info: Redefining \frac on input line 210.
\uproot@=\count108
\leftroot@=\count109
LaTeX Info: Redefining \overline on input line 306.
\classnum@=\count110
\DOTSCASE@=\count111
LaTeX Info: Redefining \ldots on input line 378.
LaTeX Info: Redefining \dots on input line 381.
LaTeX Info: Redefining \cdots on input line 466.
\Mathstrutbox@=\box27
\strutbox@=\box28
\big@size=\dimen131
LaTeX Font Info:    Redeclaring font encoding OML on input line 566.
LaTeX Font Info:    Redeclaring font encoding OMS on input line 567.
\macc@depth=\count112
\c@MaxMatrixCols=\count113
\dotsspace@=\muskip11
\c@parentequation=\count114
\dspbrk@lvl=\count115
\tag@help=\toks21
\row@=\count116
\column@=\count117
\maxfields@=\count118
\andhelp@=\toks22
\eqnshift@=\dimen132
\alignsep@=\dimen133
\tagshift@=\dimen134
\tagwidth@=\dimen135
\totwidth@=\dimen136
\lineht@=\dimen137
\@envbody=\toks23
\multlinegap=\skip53
\multlinetaggap=\skip54
\mathdisplay@stack=\toks24
LaTeX Info: Redefining \[ on input line 2665.
LaTeX Info: Redefining \] on input line 2666.
)
LaTeX Info: Thecontrolsequence`\['isalreadyrobust on input line 129.
LaTeX Info: Thecontrolsequence`\]'isalreadyrobust on input line 129.
\g_MT_multlinerow_int=\count119
\l_MT_multwidth_dim=\dimen138
\origjot=\skip55
\l_MT_shortvdotswithinadjustabove_dim=\dimen139
\l_MT_shortvdotswithinadjustbelow_dim=\dimen140
\l_MT_above_intertext_sep=\dimen141
\l_MT_below_intertext_sep=\dimen142
\l_MT_above_shortintertext_sep=\dimen143
\l_MT_below_shortintertext_sep=\dimen144
)
("C:\Program Files (x86)\MiKTeX 2.9\tex\latex\newverbs\newverbs.sty"
Package: newverbs 2012/05/08 v1.3a Define new 'verb' commands and short verb. c
haracters
)
("C:\Program Files (x86)\MiKTeX 2.9\tex\latex\xcolor\xcolor.sty"
Package: xcolor 2007/01/21 v2.11 LaTeX color extensions (UK)

("C:\Program Files (x86)\MiKTeX 2.9\tex\latex\00miktex\color.cfg"
File: color.cfg 2007/01/18 v1.5 color configuration of teTeX/TeXLive
)
Package xcolor Info: Driver file: pdftex.def on input line 225.
LaTeX Info: Redefining \color on input line 702.
Package xcolor Info: Model `cmy' substituted by `cmy0' on input line 1337.
Package xcolor Info: Model `hsb' substituted by `rgb' on input line 1341.
Package xcolor Info: Model `RGB' extended on input line 1353.
Package xcolor Info: Model `HTML' substituted by `rgb' on input line 1355.
Package xcolor Info: Model `Hsb' substituted by `hsb' on input line 1356.
Package xcolor Info: Model `tHsb' substituted by `hsb' on input line 1357.
Package xcolor Info: Model `HSB' substituted by `hsb' on input line 1358.
Package xcolor Info: Model `Gray' substituted by `gray' on input line 1359.
Package xcolor Info: Model `wave' substituted by `hsb' on input line 1360.
)
("C:\Program Files (x86)\MiKTeX 2.9\tex\latex\tools\longtable.sty"
Package: longtable 2004/02/01 v4.11 Multi-page Table package (DPC)
\LTleft=\skip56
\LTright=\skip57
\LTpre=\skip58
\LTpost=\skip59
\LTchunksize=\count120
\LTcapwidth=\dimen145
\LT@head=\box29
\LT@firsthead=\box30
\LT@foot=\box31
\LT@lastfoot=\box32
\LT@cols=\count121
\LT@rows=\count122
\c@LT@tables=\count123
\c@LT@chunks=\count124
\LT@p@ftn=\toks25
)
("C:\Program Files (x86)\MiKTeX 2.9\tex\latex\subfig\subfig.sty"
Package: subfig 2005/06/28 ver: 1.3 subfig package

("C:\Program Files (x86)\MiKTeX 2.9\tex\latex\caption\caption.sty"
Package: caption 2013/05/02 v3.3-89 Customizing captions (AR)

("C:\Program Files (x86)\MiKTeX 2.9\tex\latex\caption\caption3.sty"
Package: caption3 2013/05/02 v1.6-88 caption3 kernel (AR)
Package caption3 Info: TeX engine: e-TeX on input line 57.
\captionmargin=\dimen146
\captionmargin@=\dimen147
\captionwidth=\dimen148
\caption@tempdima=\dimen149
\caption@indent=\dimen150
\caption@parindent=\dimen151
\caption@hangindent=\dimen152
)
\c@ContinuedFloat=\count125
Package caption Info: hyperref package is loaded.
Package caption Info: longtable package is loaded.

("C:\Program Files (x86)\MiKTeX 2.9\tex\latex\caption\ltcaption.sty"
Package: ltcaption 2013/02/03 v1.3-62 longtable captions (AR)
))
\c@KVtest=\count126
\sf@farskip=\skip60
\sf@captopadj=\dimen153
\sf@capskip=\skip61
\sf@nearskip=\skip62
\c@subfigure=\count127
\c@subfigure@save=\count128
\c@lofdepth=\count129
\c@subtable=\count130
\c@subtable@save=\count131
\c@lotdepth=\count132
\sf@top=\skip63
\sf@bottom=\skip64
)
("C:\Program Files (x86)\MiKTeX 2.9\tex\latex\booktabs\booktabs.sty"
Package: booktabs 2005/04/14 v1.61803 publication quality tables
\heavyrulewidth=\dimen154
\lightrulewidth=\dimen155
\cmidrulewidth=\dimen156
\belowrulesep=\dimen157
\belowbottomsep=\dimen158
\aboverulesep=\dimen159
\abovetopsep=\dimen160
\cmidrulesep=\dimen161
\cmidrulekern=\dimen162
\defaultaddspace=\dimen163
\@cmidla=\count133
\@cmidlb=\count134
\@aboverulesep=\dimen164
\@belowrulesep=\dimen165
\@thisruleclass=\count135
\@lastruleclass=\count136
\@thisrulewidth=\dimen166
)
("C:\Program Files (x86)\MiKTeX 2.9\tex\latex\floatrow\floatrow.sty"
Package: floatrow 2008/08/02 v0.3b floatrow: float package extension
\c@float@type=\count137
\float@exts=\toks26
\float@box=\box33
\@floatcapt=\box34
Package floatrow Info: Modified float package code loaded on input line 455.
Package floatrow Info: Modified rotfloat package code loaded on input line 473.

\FR@everyfloat=\toks27
\flrow@foot=\insert233
\FB@wd=\dimen167
\FBo@wd=\dimen168
\FBc@wd=\dimen169
\FBo@ht=\skip65
\FBc@ht=\skip66
\FBf@ht=\skip67
\FBo@max=\skip68
\FBc@max=\skip69
\FBf@max=\skip70
\c@FBl@b=\count138
\floatbox@depth=\count139
\c@FRobj=\count140
\c@FRsobj=\count141
\Xhsize=\skip71
\sXhsize=\skip72
\Zhsize=\skip73
\sZhsize=\skip74
\flrow@rowbox=\box35
\FR@Zunitlength=\dimen170
\c@FBcnt=\count142
\FPOScnt=\count143
\LTleft=\skip75
\LTright=\skip76
\LTleft=\skip77
\LTright=\skip78
\flrow@types=\toks28
)
("C:\Program Files (x86)\MiKTeX 2.9\tex\latex\upquote\upquote.sty"
Package: upquote 2012/04/19 v1.3 upright-quote and grave-accent glyphs in verba
tim

("C:\Program Files (x86)\MiKTeX 2.9\tex\latex\base\textcomp.sty"
Package: textcomp 2005/09/27 v1.99g Standard LaTeX package
Package textcomp Info: Sub-encoding information:
(textcomp)               5 = only ISO-Adobe without \textcurrency
(textcomp)               4 = 5 + \texteuro
(textcomp)               3 = 4 + \textohm
(textcomp)               2 = 3 + \textestimated + \textcurrency
(textcomp)               1 = TS1 - \textcircled - \t
(textcomp)               0 = TS1 (full)
(textcomp)             Font families with sub-encoding setting implement
(textcomp)             only a restricted character set as indicated.
(textcomp)             Family '?' is the default used for unknown fonts.
(textcomp)             See the documentation for details.
Package textcomp Info: Setting ? sub-encoding to TS1/1 on input line 71.

("C:\Program Files (x86)\MiKTeX 2.9\tex\latex\base\ts1enc.def"
File: ts1enc.def 2001/06/05 v3.0e (jk/car/fm) Standard LaTeX file
)
LaTeX Info: Redefining \oldstylenums on input line 266.
Package textcomp Info: Setting cmr sub-encoding to TS1/0 on input line 281.
Package textcomp Info: Setting cmss sub-encoding to TS1/0 on input line 282.
Package textcomp Info: Setting cmtt sub-encoding to TS1/0 on input line 283.
Package textcomp Info: Setting cmvtt sub-encoding to TS1/0 on input line 284.
Package textcomp Info: Setting cmbr sub-encoding to TS1/0 on input line 285.
Package textcomp Info: Setting cmtl sub-encoding to TS1/0 on input line 286.
Package textcomp Info: Setting ccr sub-encoding to TS1/0 on input line 287.
Package textcomp Info: Setting ptm sub-encoding to TS1/4 on input line 288.
Package textcomp Info: Setting pcr sub-encoding to TS1/4 on input line 289.
Package textcomp Info: Setting phv sub-encoding to TS1/4 on input line 290.
Package textcomp Info: Setting ppl sub-encoding to TS1/3 on input line 291.
Package textcomp Info: Setting pag sub-encoding to TS1/4 on input line 292.
Package textcomp Info: Setting pbk sub-encoding to TS1/4 on input line 293.
Package textcomp Info: Setting pnc sub-encoding to TS1/4 on input line 294.
Package textcomp Info: Setting pzc sub-encoding to TS1/4 on input line 295.
Package textcomp Info: Setting bch sub-encoding to TS1/4 on input line 296.
Package textcomp Info: Setting put sub-encoding to TS1/5 on input line 297.
Package textcomp Info: Setting uag sub-encoding to TS1/5 on input line 298.
Package textcomp Info: Setting ugq sub-encoding to TS1/5 on input line 299.
Package textcomp Info: Setting ul8 sub-encoding to TS1/4 on input line 300.
Package textcomp Info: Setting ul9 sub-encoding to TS1/4 on input line 301.
Package textcomp Info: Setting augie sub-encoding to TS1/5 on input line 302.
Package textcomp Info: Setting dayrom sub-encoding to TS1/3 on input line 303.
Package textcomp Info: Setting dayroms sub-encoding to TS1/3 on input line 304.

Package textcomp Info: Setting pxr sub-encoding to TS1/0 on input line 305.
Package textcomp Info: Setting pxss sub-encoding to TS1/0 on input line 306.
Package textcomp Info: Setting pxtt sub-encoding to TS1/0 on input line 307.
Package textcomp Info: Setting txr sub-encoding to TS1/0 on input line 308.
Package textcomp Info: Setting txss sub-encoding to TS1/0 on input line 309.
Package textcomp Info: Setting txtt sub-encoding to TS1/0 on input line 310.
Package textcomp Info: Setting lmr sub-encoding to TS1/0 on input line 311.
Package textcomp Info: Setting lmdh sub-encoding to TS1/0 on input line 312.
Package textcomp Info: Setting lmss sub-encoding to TS1/0 on input line 313.
Package textcomp Info: Setting lmssq sub-encoding to TS1/0 on input line 314.
Package textcomp Info: Setting lmvtt sub-encoding to TS1/0 on input line 315.
Package textcomp Info: Setting qhv sub-encoding to TS1/0 on input line 316.
Package textcomp Info: Setting qag sub-encoding to TS1/0 on input line 317.
Package textcomp Info: Setting qbk sub-encoding to TS1/0 on input line 318.
Package textcomp Info: Setting qcr sub-encoding to TS1/0 on input line 319.
Package textcomp Info: Setting qcs sub-encoding to TS1/0 on input line 320.
Package textcomp Info: Setting qpl sub-encoding to TS1/0 on input line 321.
Package textcomp Info: Setting qtm sub-encoding to TS1/0 on input line 322.
Package textcomp Info: Setting qzc sub-encoding to TS1/0 on input line 323.
Package textcomp Info: Setting qhvc sub-encoding to TS1/0 on input line 324.
Package textcomp Info: Setting futs sub-encoding to TS1/4 on input line 325.
Package textcomp Info: Setting futx sub-encoding to TS1/4 on input line 326.
Package textcomp Info: Setting futj sub-encoding to TS1/4 on input line 327.
Package textcomp Info: Setting hlh sub-encoding to TS1/3 on input line 328.
Package textcomp Info: Setting hls sub-encoding to TS1/3 on input line 329.
Package textcomp Info: Setting hlst sub-encoding to TS1/3 on input line 330.
Package textcomp Info: Setting hlct sub-encoding to TS1/5 on input line 331.
Package textcomp Info: Setting hlx sub-encoding to TS1/5 on input line 332.
Package textcomp Info: Setting hlce sub-encoding to TS1/5 on input line 333.
Package textcomp Info: Setting hlcn sub-encoding to TS1/5 on input line 334.
Package textcomp Info: Setting hlcw sub-encoding to TS1/5 on input line 335.
Package textcomp Info: Setting hlcf sub-encoding to TS1/5 on input line 336.
Package textcomp Info: Setting pplx sub-encoding to TS1/3 on input line 337.
Package textcomp Info: Setting pplj sub-encoding to TS1/3 on input line 338.
Package textcomp Info: Setting ptmx sub-encoding to TS1/4 on input line 339.
Package textcomp Info: Setting ptmj sub-encoding to TS1/4 on input line 340.
))
("C:\Users\Usuario\Google Drive\R\PortfolioT\portfolio.aux"

LaTeX Warning: Label `tabrescaled' multiply defined.


LaTeX Warning: Label `tabrescaled' multiply defined.


LaTeX Warning: Label `tabrescaled' multiply defined.


LaTeX Warning: Label `tabrescaled' multiply defined.

)
LaTeX Font Info:    Checking defaults for OML/cmm/m/it on input line 132.
LaTeX Font Info:    ... okay on input line 132.
LaTeX Font Info:    Checking defaults for T1/cmr/m/n on input line 132.
LaTeX Font Info:    ... okay on input line 132.
LaTeX Font Info:    Checking defaults for OT1/cmr/m/n on input line 132.
LaTeX Font Info:    ... okay on input line 132.
LaTeX Font Info:    Checking defaults for OMS/cmsy/m/n on input line 132.
LaTeX Font Info:    ... okay on input line 132.
LaTeX Font Info:    Checking defaults for OMX/cmex/m/n on input line 132.
LaTeX Font Info:    ... okay on input line 132.
LaTeX Font Info:    Checking defaults for U/cmr/m/n on input line 132.
LaTeX Font Info:    ... okay on input line 132.
LaTeX Font Info:    Checking defaults for PD1/pdf/m/n on input line 132.
LaTeX Font Info:    ... okay on input line 132.
LaTeX Font Info:    Checking defaults for TS1/cmr/m/n on input line 132.
LaTeX Font Info:    Try loading font information for TS1+cmr on input line 132.

 ("C:\Program Files (x86)\MiKTeX 2.9\tex\latex\base\ts1cmr.fd"
File: ts1cmr.fd 1999/05/25 v2.5h Standard LaTeX font definitions
)
LaTeX Font Info:    ... okay on input line 132.
LaTeX Font Info:    Try loading font information for T1+ptm on input line 132.

("C:\Program Files (x86)\MiKTeX 2.9\tex\latex\psnfss\t1ptm.fd"
File: t1ptm.fd 2001/06/04 font definitions for T1/ptm.
)
("C:\Program Files (x86)\MiKTeX 2.9\tex\context\base\supp-pdf.mkii"
[Loading MPS to PDF converter (version 2006.09.02).]
\scratchcounter=\count144
\scratchdimen=\dimen171
\scratchbox=\box36
\nofMPsegments=\count145
\nofMParguments=\count146
\everyMPshowfont=\toks29
\MPscratchCnt=\count147
\MPscratchDim=\dimen172
\MPnumerator=\count148
\makeMPintoPDFobject=\count149
\everyMPtoPDFconversion=\toks30
)
*geometry* driver: auto-detecting
*geometry* detected driver: pdftex
*geometry* verbose mode - [ preamble ] result:
* driver: pdftex
* paper: letterpaper
* layout: <same size as paper>
* layoutoffset:(h,v)=(0.0pt,0.0pt)
* modes: 
* h-part:(L,W,R)=(72.2698pt, 469.75539pt, 72.2698pt)
* v-part:(T,H,B)=(72.2698pt, 650.43037pt, 72.2698pt)
* \paperwidth=614.295pt
* \paperheight=794.96999pt
* \textwidth=469.75539pt
* \textheight=650.43037pt
* \oddsidemargin=-0.00018pt
* \evensidemargin=-0.00018pt
* \topmargin=-37.00018pt
* \headheight=12.0pt
* \headsep=25.0pt
* \topskip=11.0pt
* \footskip=30.0pt
* \marginparwidth=59.0pt
* \marginparsep=10.0pt
* \columnsep=10.0pt
* \skip\footins=10.0pt plus 4.0pt minus 2.0pt
* \hoffset=0.0pt
* \voffset=0.0pt
* \mag=1000
* \@twocolumnfalse
* \@twosidefalse
* \@mparswitchfalse
* \@reversemarginfalse
* (1in=72.27pt=25.4mm, 1cm=28.453pt)

\AtBeginShipoutBox=\box37
Package hyperref Info: Link coloring ON on input line 132.
("C:\Program Files (x86)\MiKTeX 2.9\tex\latex\hyperref\nameref.sty"
Package: nameref 2012/10/27 v2.43 Cross-referencing by name of section

("C:\Program Files (x86)\MiKTeX 2.9\tex\generic\oberdiek\gettitlestring.sty"
Package: gettitlestring 2010/12/03 v1.4 Cleanup title references (HO)
)
\c@section@level=\count150
)
LaTeX Info: Redefining \ref on input line 132.
LaTeX Info: Redefining \pageref on input line 132.
LaTeX Info: Redefining \nameref on input line 132.

("C:\Users\Usuario\Google Drive\R\PortfolioT\portfolio.out")
("C:\Users\Usuario\Google Drive\R\PortfolioT\portfolio.out")
\@outlinefile=\write3
Package caption Info: Begin \AtBeginDocument code.
Package caption Info: subfig package v1.3 is loaded.
Package caption Info: floatrow package is loaded.
Package caption Info: float package is loaded.
Package caption Info: floatrow package is loaded.
Package caption Info: End \AtBeginDocument code.

("C:\Program Files (x86)\MiKTeX 2.9\tex\latex\floatrow\fr-subfig.sty"
Package: fr-subfig 2007/12/24 v0.1g (beta) floatrow: additions for subfig
\FBsc@max=\skip79
\FBso@max=\skip80
)
("C:\Program Files (x86)\MiKTeX 2.9\tex\latex\floatrow\fr-longtable.sty"
Package: fr-longtable 2007/11/28 v0.1b (beta) floatrow: additions for longtable

\flrow@LT@lasthead=\box38
\flrow@LT@prelastfoot=\box39
\c@FBLTpage=\count151
)
! Undefined control sequence.
l.138 {\Medium
               Edwin Acuña } \\
The control sequence at the end of the top line
of your error message was never \def'ed. If you have
misspelled it (e.g., `\hobx'), type `I' and the correct
spelling (e.g., `I\hbox'). Otherwise just continue,
and I'll forget about whatever was undefined.

[1

{C:/ProgramData/MiKTeX/2.9/pdftex/config/pdftex.map}]
LaTeX Font Info:    Font shape `T1/ptm/bx/n' in size <12> not available
(Font)              Font shape `T1/ptm/b/n' tried instead on input line 150.

("C:\Users\Usuario\Google Drive\R\PortfolioT\portfolio.toc"
LaTeX Font Info:    Font shape `T1/ptm/bx/n' in size <10.95> not available
(Font)              Font shape `T1/ptm/b/n' tried instead on input line 2.
LaTeX Font Info:    Try loading font information for OT1+ztmcm on input line 4.


("C:\Program Files (x86)\MiKTeX 2.9\tex\latex\psnfss\ot1ztmcm.fd"
File: ot1ztmcm.fd 2000/01/03 Fontinst v1.801 font definitions for OT1/ztmcm.
)
LaTeX Font Info:    Try loading font information for OML+ztmcm on input line 4.


("C:\Program Files (x86)\MiKTeX 2.9\tex\latex\psnfss\omlztmcm.fd"
File: omlztmcm.fd 2000/01/03 Fontinst v1.801 font definitions for OML/ztmcm.
)
LaTeX Font Info:    Try loading font information for OMS+ztmcm on input line 4.


("C:\Program Files (x86)\MiKTeX 2.9\tex\latex\psnfss\omsztmcm.fd"
File: omsztmcm.fd 2000/01/03 Fontinst v1.801 font definitions for OMS/ztmcm.
)
LaTeX Font Info:    Try loading font information for OMX+ztmcm on input line 4.


("C:\Program Files (x86)\MiKTeX 2.9\tex\latex\psnfss\omxztmcm.fd"
File: omxztmcm.fd 2000/01/03 Fontinst v1.801 font definitions for OMX/ztmcm.
)
LaTeX Font Info:    Try loading font information for OT1+ptm on input line 4.

("C:\Program Files (x86)\MiKTeX 2.9\tex\latex\psnfss\ot1ptm.fd"
File: ot1ptm.fd 2001/06/04 font definitions for OT1/ptm.
)
LaTeX Font Info:    Font shape `OT1/ptm/bx/n' in size <10.95> not available
(Font)              Font shape `OT1/ptm/b/n' tried instead on input line 4.
LaTeX Font Info:    Font shape `OT1/ptm/bx/n' in size <8> not available
(Font)              Font shape `OT1/ptm/b/n' tried instead on input line 4.
LaTeX Font Info:    Font shape `OT1/ptm/bx/n' in size <6> not available
(Font)              Font shape `OT1/ptm/b/n' tried instead on input line 4.
)
\tf@toc=\write4
pdfTeX warning (ext4): destination with the same identifier (name{page.1}) has 
been already used, duplicate ignored
<to be read again> 
                   \relax 
l.157 \newpage
               [1]pdfTeX warning (ext4): destination with the same identifier (
name{page.1}) has been already used, duplicate ignored
<to be read again> 
                   \relax 
l.162 \newpage
               [1] <figure/precios1.pdf, id=154, 505.89pt x 505.89pt>
File: figure/precios1.pdf Graphic file (type pdf)

<use figure/precios1.pdf>
Package pdftex.def Info: figure/precios1.pdf used on input line 172.
(pdftex.def)             Requested size: 230.47363pt x 227.62523pt.
 <figure/precios2.pdf, id=155, 505.89pt x 505.89pt>
File: figure/precios2.pdf Graphic file (type pdf)

<use figure/precios2.pdf>
Package pdftex.def Info: figure/precios2.pdf used on input line 173.
(pdftex.def)             Requested size: 230.47363pt x 227.62523pt.
 [2 <C:/Users/Usuario/Google Drive/R/PortfolioT/figure/precios1.pdf> <C:/Users/
Usuario/Google Drive/R/PortfolioT/figure/precios2.pdf>] <figure/Crecimiento.pdf
, id=173, 578.16pt x 325.215pt>
File: figure/Crecimiento.pdf Graphic file (type pdf)

<use figure/Crecimiento.pdf>
Package pdftex.def Info: figure/Crecimiento.pdf used on input line 193.
(pdftex.def)             Requested size: 469.75539pt x 264.23653pt.
 [3 <C:/Users/Usuario/Google Drive/R/PortfolioT/figure/Crecimiento.pdf>] <figur
e/Diagnosticos1.pdf, id=186, 505.89pt x 505.89pt>
File: figure/Diagnosticos1.pdf Graphic file (type pdf)

<use figure/Diagnosticos1.pdf>
Package pdftex.def Info: figure/Diagnosticos1.pdf used on input line 226.
(pdftex.def)             Requested size: 98.65201pt x 75.16232pt.

<figure/Diagnosticos2.pdf, id=187, 505.89pt x 505.89pt>
File: figure/Diagnosticos2.pdf Graphic file (type pdf)

<use figure/Diagnosticos2.pdf>
Package pdftex.def Info: figure/Diagnosticos2.pdf used on input line 227.
(pdftex.def)             Requested size: 98.65201pt x 75.16232pt.

<figure/Diagnosticos3.pdf, id=188, 505.89pt x 505.89pt>
File: figure/Diagnosticos3.pdf Graphic file (type pdf)

<use figure/Diagnosticos3.pdf>
Package pdftex.def Info: figure/Diagnosticos3.pdf used on input line 228.
(pdftex.def)             Requested size: 98.65201pt x 75.16232pt.

<figure/Diagnosticos4.pdf, id=189, 505.89pt x 505.89pt>
File: figure/Diagnosticos4.pdf Graphic file (type pdf)

<use figure/Diagnosticos4.pdf>
Package pdftex.def Info: figure/Diagnosticos4.pdf used on input line 229.
(pdftex.def)             Requested size: 98.65201pt x 75.16232pt.

<figure/Diagnosticos5.pdf, id=190, 505.89pt x 505.89pt>
File: figure/Diagnosticos5.pdf Graphic file (type pdf)

<use figure/Diagnosticos5.pdf>
Package pdftex.def Info: figure/Diagnosticos5.pdf used on input line 232.
(pdftex.def)             Requested size: 98.65201pt x 75.16232pt.

<figure/Diagnosticos6.pdf, id=191, 505.89pt x 505.89pt>
File: figure/Diagnosticos6.pdf Graphic file (type pdf)

<use figure/Diagnosticos6.pdf>
Package pdftex.def Info: figure/Diagnosticos6.pdf used on input line 233.
(pdftex.def)             Requested size: 98.65201pt x 75.16232pt.

<figure/Diagnosticos7.pdf, id=192, 505.89pt x 505.89pt>
File: figure/Diagnosticos7.pdf Graphic file (type pdf)

<use figure/Diagnosticos7.pdf>
Package pdftex.def Info: figure/Diagnosticos7.pdf used on input line 234.
(pdftex.def)             Requested size: 98.65201pt x 75.16232pt.

<figure/Diagnosticos8.pdf, id=193, 505.89pt x 505.89pt>
File: figure/Diagnosticos8.pdf Graphic file (type pdf)

<use figure/Diagnosticos8.pdf>
Package pdftex.def Info: figure/Diagnosticos8.pdf used on input line 235.
(pdftex.def)             Requested size: 98.65201pt x 75.16232pt.

<figure/Diagnosticos9.pdf, id=194, 505.89pt x 505.89pt>
File: figure/Diagnosticos9.pdf Graphic file (type pdf)

<use figure/Diagnosticos9.pdf>
Package pdftex.def Info: figure/Diagnosticos9.pdf used on input line 237.
(pdftex.def)             Requested size: 98.65201pt x 75.16232pt.

<figure/Diagnosticos10.pdf, id=195, 505.89pt x 505.89pt>
File: figure/Diagnosticos10.pdf Graphic file (type pdf)

<use figure/Diagnosticos10.pdf>
Package pdftex.def Info: figure/Diagnosticos10.pdf used on input line 238.
(pdftex.def)             Requested size: 98.65201pt x 75.16232pt.

<figure/Diagnosticos11.pdf, id=196, 505.89pt x 505.89pt>
File: figure/Diagnosticos11.pdf Graphic file (type pdf)

<use figure/Diagnosticos11.pdf>
Package pdftex.def Info: figure/Diagnosticos11.pdf used on input line 239.
(pdftex.def)             Requested size: 98.65201pt x 75.16232pt.

<figure/Diagnosticos12.pdf, id=197, 505.89pt x 505.89pt>
File: figure/Diagnosticos12.pdf Graphic file (type pdf)

<use figure/Diagnosticos12.pdf>
Package pdftex.def Info: figure/Diagnosticos12.pdf used on input line 240.
(pdftex.def)             Requested size: 98.65201pt x 75.16232pt.

<figure/Diagnosticos13.pdf, id=198, 505.89pt x 505.89pt>
File: figure/Diagnosticos13.pdf Graphic file (type pdf)

<use figure/Diagnosticos13.pdf>
Package pdftex.def Info: figure/Diagnosticos13.pdf used on input line 242.
(pdftex.def)             Requested size: 98.65201pt x 75.16232pt.

<figure/Diagnosticos14.pdf, id=199, 505.89pt x 505.89pt>
File: figure/Diagnosticos14.pdf Graphic file (type pdf)

<use figure/Diagnosticos14.pdf>
Package pdftex.def Info: figure/Diagnosticos14.pdf used on input line 243.
(pdftex.def)             Requested size: 98.65201pt x 75.16232pt.

<figure/Diagnosticos15.pdf, id=200, 505.89pt x 505.89pt>
File: figure/Diagnosticos15.pdf Graphic file (type pdf)

<use figure/Diagnosticos15.pdf>
Package pdftex.def Info: figure/Diagnosticos15.pdf used on input line 244.
(pdftex.def)             Requested size: 98.65201pt x 75.16232pt.

<figure/Diagnosticos16.pdf, id=201, 505.89pt x 505.89pt>
File: figure/Diagnosticos16.pdf Graphic file (type pdf)

<use figure/Diagnosticos16.pdf>
Package pdftex.def Info: figure/Diagnosticos16.pdf used on input line 245.
(pdftex.def)             Requested size: 98.65201pt x 75.16232pt.

<figure/Diagnosticos17.pdf, id=202, 505.89pt x 505.89pt>
File: figure/Diagnosticos17.pdf Graphic file (type pdf)

<use figure/Diagnosticos17.pdf>
Package pdftex.def Info: figure/Diagnosticos17.pdf used on input line 247.
(pdftex.def)             Requested size: 98.65201pt x 75.16232pt.

<figure/Diagnosticos18.pdf, id=203, 505.89pt x 505.89pt>
File: figure/Diagnosticos18.pdf Graphic file (type pdf)

<use figure/Diagnosticos18.pdf>
Package pdftex.def Info: figure/Diagnosticos18.pdf used on input line 248.
(pdftex.def)             Requested size: 98.65201pt x 75.16232pt.

<figure/Diagnosticos19.pdf, id=204, 505.89pt x 505.89pt>
File: figure/Diagnosticos19.pdf Graphic file (type pdf)

<use figure/Diagnosticos19.pdf>
Package pdftex.def Info: figure/Diagnosticos19.pdf used on input line 249.
(pdftex.def)             Requested size: 98.65201pt x 75.16232pt.

<figure/Diagnosticos20.pdf, id=205, 505.89pt x 505.89pt>
File: figure/Diagnosticos20.pdf Graphic file (type pdf)

<use figure/Diagnosticos20.pdf>
Package pdftex.def Info: figure/Diagnosticos20.pdf used on input line 250.
(pdftex.def)             Requested size: 98.65201pt x 75.16232pt.

<figure/Diagnosticos21.pdf, id=206, 505.89pt x 505.89pt>
File: figure/Diagnosticos21.pdf Graphic file (type pdf)

<use figure/Diagnosticos21.pdf>
Package pdftex.def Info: figure/Diagnosticos21.pdf used on input line 252.
(pdftex.def)             Requested size: 98.65201pt x 75.16232pt.

<figure/Diagnosticos22.pdf, id=207, 505.89pt x 505.89pt>
File: figure/Diagnosticos22.pdf Graphic file (type pdf)

<use figure/Diagnosticos22.pdf>
Package pdftex.def Info: figure/Diagnosticos22.pdf used on input line 253.
(pdftex.def)             Requested size: 98.65201pt x 75.16232pt.

<figure/Diagnosticos23.pdf, id=208, 505.89pt x 505.89pt>
File: figure/Diagnosticos23.pdf Graphic file (type pdf)

<use figure/Diagnosticos23.pdf>
Package pdftex.def Info: figure/Diagnosticos23.pdf used on input line 254.
(pdftex.def)             Requested size: 98.65201pt x 75.16232pt.

<figure/Diagnosticos24.pdf, id=209, 505.89pt x 505.89pt>
File: figure/Diagnosticos24.pdf Graphic file (type pdf)

<use figure/Diagnosticos24.pdf>
Package pdftex.def Info: figure/Diagnosticos24.pdf used on input line 255.
(pdftex.def)             Requested size: 98.65201pt x 75.16232pt.
 [4 <C:/Users/Usuario/Google Drive/R/PortfolioT/figure/Diagnosticos1.pdf> <C:/U
sers/Usuario/Google Drive/R/PortfolioT/figure/Diagnosticos2.pdf> <C:/Users/Usua
rio/Google Drive/R/PortfolioT/figure/Diagnosticos3.pdf> <C:/Users/Usuario/Googl
e Drive/R/PortfolioT/figure/Diagnosticos4.pdf> <C:/Users/Usuario/Google Drive/R
/PortfolioT/figure/Diagnosticos5.pdf> <C:/Users/Usuario/Google Drive/R/Portfoli
oT/figure/Diagnosticos6.pdf> <C:/Users/Usuario/Google Drive/R/PortfolioT/figure
/Diagnosticos7.pdf> <C:/Users/Usuario/Google Drive/R/PortfolioT/figure/Diagnost
icos8.pdf> <C:/Users/Usuario/Google Drive/R/PortfolioT/figure/Diagnosticos9.pdf
> <C:/Users/Usuario/Google Drive/R/PortfolioT/figure/Diagnosticos10.pdf> <C:/Us
ers/Usuario/Google Drive/R/PortfolioT/figure/Diagnosticos11.pdf> <C:/Users/Usua
rio/Google Drive/R/PortfolioT/figure/Diagnosticos12.pdf> <C:/Users/Usuario/Goog
le Drive/R/PortfolioT/figure/Diagnosticos13.pdf> <C:/Users/Usuario/Google Drive
/R/PortfolioT/figure/Diagnosticos14.pdf> <C:/Users/Usuario/Google Drive/R/Portf
olioT/figure/Diagnosticos15.pdf> <C:/Users/Usuario/Google Drive/R/PortfolioT/fi
gure/Diagnosticos16.pdf> <C:/Users/Usuario/Google Drive/R/PortfolioT/figure/Dia
gnosticos17.pdf> <C:/Users/Usuario/Google Drive/R/PortfolioT/figure/Diagnostico
s18.pdf> <C:/Users/Usuario/Google Drive/R/PortfolioT/figure/Diagnosticos19.pdf>
 <C:/Users/Usuario/Google Drive/R/PortfolioT/figure/Diagnosticos20.pdf> <C:/Use
rs/Usuario/Google Drive/R/PortfolioT/figure/Diagnosticos21.pdf> <C:/Users/Usuar
io/Google Drive/R/PortfolioT/figure/Diagnosticos22.pdf> <C:/Users/Usuario/Googl
e Drive/R/PortfolioT/figure/Diagnosticos23.pdf> <C:/Users/Usuario/Google Drive/
R/PortfolioT/figure/Diagnosticos24.pdf>]
<figure/graficor_r.pdf, id=383, 433.62pt x 252.945pt>
File: figure/graficor_r.pdf Graphic file (type pdf)

<use figure/graficor_r.pdf>
Package pdftex.def Info: figure/graficor_r.pdf used on input line 307.
(pdftex.def)             Requested size: 433.61894pt x 252.95595pt.
 [5 <C:/Users/Usuario/Google Drive/R/PortfolioT/figure/graficor_r.pdf>] [6]
LaTeX Font Info:    Font shape `OT1/ptm/bx/n' in size <12> not available
(Font)              Font shape `OT1/ptm/b/n' tried instead on input line 409.
LaTeX Font Info:    Font shape `OT1/ptm/bx/n' in size <9> not available
(Font)              Font shape `OT1/ptm/b/n' tried instead on input line 409.
LaTeX Font Info:    Font shape `OT1/ptm/bx/n' in size <7> not available
(Font)              Font shape `OT1/ptm/b/n' tried instead on input line 409.


Package hyperref Warning: Token not allowed in a PDF string (PDFDocEncoding):
(hyperref)                removing `math shift' on input line 409.


Package hyperref Warning: Token not allowed in a PDF string (PDFDocEncoding):
(hyperref)                removing `\displaystyle' on input line 409.


Package hyperref Warning: Token not allowed in a PDF string (PDFDocEncoding):
(hyperref)                removing `math shift' on input line 409.


Package hyperref Warning: Token not allowed in a PDF string (PDFDocEncoding):
(hyperref)                removing `math shift' on input line 409.


Package hyperref Warning: Token not allowed in a PDF string (PDFDocEncoding):
(hyperref)                removing `\displaystyle' on input line 409.


Package hyperref Warning: Token not allowed in a PDF string (PDFDocEncoding):
(hyperref)                removing `math shift' on input line 409.

[7] [8]
! Extra }, or forgotten $.
<template> \unskip \hfil }
                          \hskip \tabcolsep \endtemplate 
l.512 }
       
I've deleted a group-closing symbol because it seems to be
spurious, as in `$x}$'. But perhaps the } is legitimate and
you forgot something else, as in `\hbox{$x}'. In such cases
the way to recover is to insert both the forgotten and the
deleted material, e.g., by typing `I$}'.

! Missing $ inserted.
<inserted text> 
                $
l.512 }
       
I've inserted a begin-math/end-math symbol since I think
you left one out. Proceed, with fingers crossed.

! Missing } inserted.
<inserted text> 
                }
l.512 }
       
I've inserted something that you may have forgotten.
(See the <inserted text> above.)
With luck, this will get me unwedged. But if you
really didn't forget anything, try typing `2' now; then
my insertion and my current dilemma will both disappear.

! Extra }, or forgotten $.
<template> \unskip \hfil }
                          \hskip \tabcolsep \endtemplate 
l.534 }
       
I've deleted a group-closing symbol because it seems to be
spurious, as in `$x}$'. But perhaps the } is legitimate and
you forgot something else, as in `\hbox{$x}'. In such cases
the way to recover is to insert both the forgotten and the
deleted material, e.g., by typing `I$}'.

! Missing $ inserted.
<inserted text> 
                $
l.534 }
       
I've inserted a begin-math/end-math symbol since I think
you left one out. Proceed, with fingers crossed.

! Missing } inserted.
<inserted text> 
                }
l.534 }
       
I've inserted something that you may have forgotten.
(See the <inserted text> above.)
With luck, this will get me unwedged. But if you
really didn't forget anything, try typing `2' now; then
my insertion and my current dilemma will both disappear.

[9] [10]

Package xcolor Warning: Incompatible color definition on input line 612.

<figure/gmv_s.pdf, id=435, 505.89pt x 505.89pt>
File: figure/gmv_s.pdf Graphic file (type pdf)
 <use figure/gmv_s.pdf>
Package pdftex.def Info: figure/gmv_s.pdf used on input line 612.
(pdftex.def)             Requested size: 229.87769pt x 229.87924pt.


Package xcolor Warning: Incompatible color definition on input line 612.

File: figure/gmv_s.pdf Graphic file (type pdf)
<use figure/gmv_s.pdf>
Package pdftex.def Info: figure/gmv_s.pdf used on input line 612.
(pdftex.def)             Requested size: 229.87769pt x 229.87924pt.

Underfull \hbox (badness 1521) in paragraph at lines 628--628
 []\T1/ptm/m/n/10.95 Cuadro 15: |GMV Re-torno Men-sual y 
 []


Underfull \hbox (badness 1521) in paragraph at lines 628--628
 []\T1/ptm/m/n/10.95 Cuadro 15: |GMV Re-torno Men-sual y 
 []

! Illegal unit of measure (pt inserted).
<to be read again> 
                   \vskip 
l.634 \vspace{-10}
                  
Dimensions can be in units of em, ex, in, pt, pc,
cm, mm, dd, cc, nd, nc, bp, or sp; but yours is a new one!
I'll assume that you meant to say pt, for printer's points.
To recover gracefully from this error, it's best to
delete the erroneous units; e.g., type `2' to delete
two letters. (See Chapter 27 of The TeXbook.)


Package xcolor Warning: Incompatible color definition on input line 644.

<figure/ef_sh.pdf, id=436, 505.89pt x 505.89pt>
File: figure/ef_sh.pdf Graphic file (type pdf)
 <use figure/ef_sh.pdf>
Package pdftex.def Info: figure/ef_sh.pdf used on input line 644.
(pdftex.def)             Requested size: 229.87769pt x 229.87924pt.


Package xcolor Warning: Incompatible color definition on input line 644.

File: figure/ef_sh.pdf Graphic file (type pdf)
<use figure/ef_sh.pdf>
Package pdftex.def Info: figure/ef_sh.pdf used on input line 644.
(pdftex.def)             Requested size: 229.87769pt x 229.87924pt.
 [11 <C:/Users/Usuario/Google Drive/R/PortfolioT/figure/gmv_s.pdf> <C:/Users/Us
uario/Google Drive/R/PortfolioT/figure/ef_sh.pdf>]
! Illegal unit of measure (pt inserted).
<to be read again> 
                   \vskip 
l.667 \vspace{-10}
                  
Dimensions can be in units of em, ex, in, pt, pc,
cm, mm, dd, cc, nd, nc, bp, or sp; but yours is a new one!
I'll assume that you meant to say pt, for printer's points.
To recover gracefully from this error, it's best to
delete the erroneous units; e.g., type `2' to delete
two letters. (See Chapter 27 of The TeXbook.)


Package xcolor Warning: Incompatible color definition on input line 677.

<figure/t_port.pdf, id=454, 505.89pt x 505.89pt>
File: figure/t_port.pdf Graphic file (type pdf)
 <use figure/t_port.pdf>
Package pdftex.def Info: figure/t_port.pdf used on input line 677.
(pdftex.def)             Requested size: 229.87769pt x 229.87924pt.


Package xcolor Warning: Incompatible color definition on input line 677.

File: figure/t_port.pdf Graphic file (type pdf)
<use figure/t_port.pdf>
Package pdftex.def Info: figure/t_port.pdf used on input line 677.
(pdftex.def)             Requested size: 229.87769pt x 229.87924pt.

! Illegal unit of measure (pt inserted).
<to be read again> 
                   \vskip 
l.699 \vspace{-20}
                  
Dimensions can be in units of em, ex, in, pt, pc,
cm, mm, dd, cc, nd, nc, bp, or sp; but yours is a new one!
I'll assume that you meant to say pt, for printer's points.
To recover gracefully from this error, it's best to
delete the erroneous units; e.g., type `2' to delete
two letters. (See Chapter 27 of The TeXbook.)


Package xcolor Warning: Incompatible color definition on input line 709.

<figure/Frontera_efi.pdf, id=455, 505.89pt x 505.89pt>
File: figure/Frontera_efi.pdf Graphic file (type pdf)

<use figure/Frontera_efi.pdf>
Package pdftex.def Info: figure/Frontera_efi.pdf used on input line 709.
(pdftex.def)             Requested size: 229.87769pt x 229.87924pt.


Package xcolor Warning: Incompatible color definition on input line 709.

File: figure/Frontera_efi.pdf Graphic file (type pdf)
<use figure/Frontera_efi.pdf>
Package pdftex.def Info: figure/Frontera_efi.pdf used on input line 709.
(pdftex.def)             Requested size: 229.87769pt x 229.87924pt.
 [12 <C:/Users/Usuario/Google Drive/R/PortfolioT/figure/t_port.pdf> <C:/Users/U
suario/Google Drive/R/PortfolioT/figure/Frontera_efi.pdf>] <figure/Pesosp.pdf, 
id=472, 578.16pt x 289.08pt>
File: figure/Pesosp.pdf Graphic file (type pdf)

<use figure/Pesosp.pdf>
Package pdftex.def Info: figure/Pesosp.pdf used on input line 719.
(pdftex.def)             Requested size: 469.75539pt x 234.8769pt.
 <figure/Pesos_T.pdf, id=473, 578.16pt x 244.915pt>
File: figure/Pesos_T.pdf Graphic file (type pdf)

<use figure/Pesos_T.pdf>
Package pdftex.def Info: figure/Pesos_T.pdf used on input line 733.
(pdftex.def)             Requested size: 469.75539pt x 198.99294pt.
 [13 <C:/Users/Usuario/Google Drive/R/PortfolioT/figure/Pesosp.pdf> <C:/Users/U
suario/Google Drive/R/PortfolioT/figure/Pesos_T.pdf>]

Package xcolor Warning: Incompatible color definition on input line 759.

<figure/gmv_nsh.pdf, id=492, 505.89pt x 505.89pt>
File: figure/gmv_nsh.pdf Graphic file (type pdf)
 <use figure/gmv_nsh.pdf>
Package pdftex.def Info: figure/gmv_nsh.pdf used on input line 759.
(pdftex.def)             Requested size: 229.87769pt x 229.87924pt.


Package xcolor Warning: Incompatible color definition on input line 759.

File: figure/gmv_nsh.pdf Graphic file (type pdf)
<use figure/gmv_nsh.pdf>
Package pdftex.def Info: figure/gmv_nsh.pdf used on input line 759.
(pdftex.def)             Requested size: 229.87769pt x 229.87924pt.

! Illegal unit of measure (pt inserted).
<to be read again> 
                   \vskip 
l.781 \vspace{-10}
                  
Dimensions can be in units of em, ex, in, pt, pc,
cm, mm, dd, cc, nd, nc, bp, or sp; but yours is a new one!
I'll assume that you meant to say pt, for printer's points.
To recover gracefully from this error, it's best to
delete the erroneous units; e.g., type `2' to delete
two letters. (See Chapter 27 of The TeXbook.)


Package xcolor Warning: Incompatible color definition on input line 791.

<figure/tan_nsh.pdf, id=493, 505.89pt x 505.89pt>
File: figure/tan_nsh.pdf Graphic file (type pdf)
 <use figure/tan_nsh.pdf>
Package pdftex.def Info: figure/tan_nsh.pdf used on input line 791.
(pdftex.def)             Requested size: 229.87769pt x 229.87924pt.


Package xcolor Warning: Incompatible color definition on input line 791.

File: figure/tan_nsh.pdf Graphic file (type pdf)
<use figure/tan_nsh.pdf>
Package pdftex.def Info: figure/tan_nsh.pdf used on input line 791.
(pdftex.def)             Requested size: 229.87769pt x 229.87924pt.


Package hyperref Warning: Token not allowed in a PDF string (PDFDocEncoding):
(hyperref)                removing `math shift' on input line 812.


Package hyperref Warning: Token not allowed in a PDF string (PDFDocEncoding):
(hyperref)                removing `math shift' on input line 812.


Package xcolor Warning: Incompatible color definition on input line 824.

<figure/p_ef.pdf, id=494, 505.89pt x 505.89pt>
File: figure/p_ef.pdf Graphic file (type pdf)
 <use figure/p_ef.pdf>
Package pdftex.def Info: figure/p_ef.pdf used on input line 824.
(pdftex.def)             Requested size: 229.87769pt x 229.87924pt.


Package xcolor Warning: Incompatible color definition on input line 824.

File: figure/p_ef.pdf Graphic file (type pdf)
<use figure/p_ef.pdf>
Package pdftex.def Info: figure/p_ef.pdf used on input line 824.
(pdftex.def)             Requested size: 229.87769pt x 229.87924pt.
 [14 <C:/Users/Usuario/Google Drive/R/PortfolioT/figure/gmv_nsh.pdf> <C:/Users/
Usuario/Google Drive/R/PortfolioT/figure/tan_nsh.pdf>]

Package hyperref Warning: Token not allowed in a PDF string (PDFDocEncoding):
(hyperref)                removing `math shift' on input line 844.


Package hyperref Warning: Token not allowed in a PDF string (PDFDocEncoding):
(hyperref)                removing `math shift' on input line 844.


Package xcolor Warning: Incompatible color definition on input line 856.

<figure/pef_tbill09.pdf, id=511, 505.89pt x 505.89pt>
File: figure/pef_tbill09.pdf Graphic file (type pdf)

<use figure/pef_tbill09.pdf>
Package pdftex.def Info: figure/pef_tbill09.pdf used on input line 856.
(pdftex.def)             Requested size: 229.87769pt x 229.87924pt.


Package xcolor Warning: Incompatible color definition on input line 856.

File: figure/pef_tbill09.pdf Graphic file (type pdf)
<use figure/pef_tbill09.pdf>
Package pdftex.def Info: figure/pef_tbill09.pdf used on input line 856.
(pdftex.def)             Requested size: 229.87769pt x 229.87924pt.


Package hyperref Warning: Token not allowed in a PDF string (PDFDocEncoding):
(hyperref)                removing `math shift' on input line 877.


Package hyperref Warning: Token not allowed in a PDF string (PDFDocEncoding):
(hyperref)                removing `math shift' on input line 877.


Package xcolor Warning: Incompatible color definition on input line 880.

[15 <C:/Users/Usuario/Google Drive/R/PortfolioT/figure/p_ef.pdf> <C:/Users/Usua
rio/Google Drive/R/PortfolioT/figure/pef_tbill09.pdf>]
LaTeX Font Info:    Try loading font information for T1+cmtt on input line 883.


("C:\Program Files (x86)\MiKTeX 2.9\tex\latex\base\t1cmtt.fd"
File: t1cmtt.fd 1999/05/25 v2.5h Standard LaTeX font definitions
)
LaTeX Font Info:    Font shape `T1/cmtt/bx/n' in size <10.95> not available
(Font)              Font shape `T1/cmtt/m/n' tried instead on input line 883.


Package xcolor Warning: Incompatible color definition on input line 883.


Package xcolor Warning: Incompatible color definition on input line 883.


Package xcolor Warning: Incompatible color definition on input line 883.

[16] [17]
Package atveryend Info: Empty hook `BeforeClearDocument' on input line 967.
Package atveryend Info: Empty hook `AfterLastShipout' on input line 967.
 ("C:\Users\Usuario\Google Drive\R\PortfolioT\portfolio.aux")
Package atveryend Info: Executing hook `AtVeryEndDocument' on input line 967.
Package atveryend Info: Executing hook `AtEndAfterFileList' on input line 967.
Package rerunfilecheck Info: File `portfolio.out' has not changed.
(rerunfilecheck)             Checksum: C026D4E584C1C5CE126E0448BD9DFF0C;2373.


LaTeX Warning: There were multiply-defined labels.

Package atveryend Info: Empty hook `AtVeryVeryEnd' on input line 967.
 ) 
Here is how much of TeX's memory you used:
 12030 strings out of 493921
 180466 string characters out of 3144870
 308681 words of memory out of 3000000
 14962 multiletter control sequences out of 15000+200000
 45867 words of font info for 85 fonts, out of 3000000 for 9000
 841 hyphenation exceptions out of 8191
 44i,16n,49p,704b,706s stack positions out of 5000i,500n,10000p,200000b,50000s
 <C:\Users\Usuario\AppData\Local\MiKTeX\2.9\fonts\pk\ljfour\jknappen\ec\dpi60
0\ectt1095.pk>{C:/Program Files (x86)/MiKTeX 2.9/fonts/enc/dvips/fontname/8r.en
c}<C:/Program Files (x86)/MiKTeX 2.9/fonts/type1/public/amsfonts/cm/cmmi10.pfb>
<C:/Program Files (x86)/MiKTeX 2.9/fonts/type1/public/amsfonts/cm/cmsy10.pfb><C
:/Program Files (x86)/MiKTeX 2.9/fonts/type1/urw/symbol/usyr.pfb><C:/Program Fi
les (x86)/MiKTeX 2.9/fonts/type1/urw/times/utmb8a.pfb><C:/Program Files (x86)/M
iKTeX 2.9/fonts/type1/urw/times/utmr8a.pfb><C:/Program Files (x86)/MiKTeX 2.9/f
onts/type1/urw/times/utmri8a.pfb>
Output written on portfolio.pdf (19 pages, 350472 bytes).
PDF statistics:
 606 PDF objects out of 1000 (max. 8388607)
 98 named destinations out of 1000 (max. 500000)
 407 words of extra memory for PDF output out of 10000 (max. 10000000)

